<?xml version="1.0" encoding="UTF-8"?>
<!-- Generated by org.testng.reporters.JUnitReportReporter -->
<testsuite skipped="0" hostname="admin-PC" name="com.rest.currency.CurrenciesTest" tests="1" failures="0" timestamp="01 May 2021 15:51:41 GMT" time="5.967" errors="0">
  <testcase name="getCurrencyList" time="5.967" classname="com.rest.currency.CurrenciesTest"/>
</testsuite> <!-- com.rest.currency.CurrenciesTest -->
